{"/Users/rdipippo/Projects/rpglib3/src/CustomModifier.js": {"path":"/Users/rdipippo/Projects/rpglib3/src/CustomModifier.js","statementMap":{"0":{"start":{"line":1,"column":15},"end":{"line":1,"column":36}},"1":{"start":{"line":5,"column":8},"end":{"line":5,"column":20}},"2":{"start":{"line":6,"column":8},"end":{"line":6,"column":31}},"3":{"start":{"line":7,"column":8},"end":{"line":7,"column":36}},"4":{"start":{"line":10,"column":12},"end":{"line":12,"column":5}},"5":{"start":{"line":11,"column":8},"end":{"line":11,"column":39}},"6":{"start":{"line":15,"column":0},"end":{"line":15,"column":32}}},"fnMap":{"0":{"name":"(anonymous_0)","decl":{"start":{"line":4,"column":4},"end":{"line":4,"column":5}},"loc":{"start":{"line":4,"column":22},"end":{"line":8,"column":5}},"line":4},"1":{"name":"(anonymous_1)","decl":{"start":{"line":10,"column":12},"end":{"line":10,"column":13}},"loc":{"start":{"line":10,"column":41},"end":{"line":12,"column":5}},"line":10}},"branchMap":{},"s":{"0":1,"1":0,"2":0,"3":0,"4":0,"5":0,"6":1},"f":{"0":0,"1":0},"b":{},"_coverageSchema":"1a1c01bbd47fc00a2c39e90264f33305004495a9","hash":"563bc9424e4fbfa7a3ddbb128d860a7250f54d54"}
,"/Users/rdipippo/Projects/rpglib3/src/GameState.js": {"path":"/Users/rdipippo/Projects/rpglib3/src/GameState.js","statementMap":{"0":{"start":{"line":1,"column":10},"end":{"line":1,"column":34}},"1":{"start":{"line":2,"column":9},"end":{"line":2,"column":28}},"2":{"start":{"line":6,"column":8},"end":{"line":6,"column":29}},"3":{"start":{"line":7,"column":8},"end":{"line":7,"column":33}},"4":{"start":{"line":11,"column":8},"end":{"line":15,"column":9}},"5":{"start":{"line":12,"column":12},"end":{"line":14,"column":13}},"6":{"start":{"line":12,"column":25},"end":{"line":12,"column":26}},"7":{"start":{"line":13,"column":16},"end":{"line":13,"column":118}},"8":{"start":{"line":18,"column":8},"end":{"line":24,"column":9}},"9":{"start":{"line":19,"column":12},"end":{"line":21,"column":13}},"10":{"start":{"line":20,"column":16},"end":{"line":20,"column":53}},"11":{"start":{"line":23,"column":12},"end":{"line":23,"column":89}},"12":{"start":{"line":27,"column":8},"end":{"line":44,"column":9}},"13":{"start":{"line":28,"column":23},"end":{"line":28,"column":74}},"14":{"start":{"line":30,"column":11},"end":{"line":32,"column":12}},"15":{"start":{"line":31,"column":15},"end":{"line":31,"column":36}},"16":{"start":{"line":34,"column":11},"end":{"line":40,"column":12}},"17":{"start":{"line":35,"column":15},"end":{"line":39,"column":25}},"18":{"start":{"line":36,"column":17},"end":{"line":36,"column":39}},"19":{"start":{"line":37,"column":17},"end":{"line":38,"column":53}},"20":{"start":{"line":38,"column":20},"end":{"line":38,"column":51}},"21":{"start":{"line":42,"column":11},"end":{"line":42,"column":71}},"22":{"start":{"line":43,"column":11},"end":{"line":43,"column":42}},"23":{"start":{"line":47,"column":8},"end":{"line":57,"column":9}},"24":{"start":{"line":48,"column":24},"end":{"line":48,"column":83}},"25":{"start":{"line":50,"column":12},"end":{"line":56,"column":15}},"26":{"start":{"line":51,"column":15},"end":{"line":55,"column":17}},"27":{"start":{"line":52,"column":20},"end":{"line":54,"column":22}},"28":{"start":{"line":53,"column":24},"end":{"line":53,"column":98}},"29":{"start":{"line":60,"column":8},"end":{"line":82,"column":9}},"30":{"start":{"line":61,"column":24},"end":{"line":61,"column":66}},"31":{"start":{"line":62,"column":32},"end":{"line":62,"column":33}},"32":{"start":{"line":64,"column":12},"end":{"line":67,"column":15}},"33":{"start":{"line":65,"column":41},"end":{"line":65,"column":74}},"34":{"start":{"line":66,"column":16},"end":{"line":66,"column":52}},"35":{"start":{"line":69,"column":32},"end":{"line":69,"column":59}},"36":{"start":{"line":71,"column":12},"end":{"line":73,"column":13}},"37":{"start":{"line":72,"column":16},"end":{"line":72,"column":47}},"38":{"start":{"line":75,"column":12},"end":{"line":79,"column":13}},"39":{"start":{"line":76,"column":16},"end":{"line":76,"column":47}},"40":{"start":{"line":77,"column":19},"end":{"line":79,"column":13}},"41":{"start":{"line":78,"column":16},"end":{"line":78,"column":34}},"42":{"start":{"line":81,"column":12},"end":{"line":81,"column":33}},"43":{"start":{"line":85,"column":1},"end":{"line":85,"column":28}}},"fnMap":{"0":{"name":"(anonymous_0)","decl":{"start":{"line":5,"column":4},"end":{"line":5,"column":5}},"loc":{"start":{"line":5,"column":24},"end":{"line":8,"column":5}},"line":5},"1":{"name":"(anonymous_1)","decl":{"start":{"line":11,"column":8},"end":{"line":11,"column":9}},"loc":{"start":{"line":11,"column":37},"end":{"line":15,"column":9}},"line":11},"2":{"name":"(anonymous_2)","decl":{"start":{"line":18,"column":8},"end":{"line":18,"column":9}},"loc":{"start":{"line":18,"column":48},"end":{"line":24,"column":9}},"line":18},"3":{"name":"(anonymous_3)","decl":{"start":{"line":27,"column":8},"end":{"line":27,"column":9}},"loc":{"start":{"line":27,"column":27},"end":{"line":44,"column":9}},"line":27},"4":{"name":"(anonymous_4)","decl":{"start":{"line":35,"column":58},"end":{"line":35,"column":59}},"loc":{"start":{"line":35,"column":79},"end":{"line":39,"column":17}},"line":35},"5":{"name":"(anonymous_5)","decl":{"start":{"line":47,"column":8},"end":{"line":47,"column":9}},"loc":{"start":{"line":47,"column":35},"end":{"line":57,"column":9}},"line":47},"6":{"name":"(anonymous_6)","decl":{"start":{"line":50,"column":37},"end":{"line":50,"column":38}},"loc":{"start":{"line":50,"column":49},"end":{"line":56,"column":13}},"line":50},"7":{"name":"(anonymous_7)","decl":{"start":{"line":52,"column":61},"end":{"line":52,"column":62}},"loc":{"start":{"line":52,"column":84},"end":{"line":54,"column":21}},"line":52},"8":{"name":"(anonymous_8)","decl":{"start":{"line":60,"column":8},"end":{"line":60,"column":9}},"loc":{"start":{"line":60,"column":28},"end":{"line":82,"column":9}},"line":60},"9":{"name":"(anonymous_9)","decl":{"start":{"line":64,"column":37},"end":{"line":64,"column":38}},"loc":{"start":{"line":64,"column":49},"end":{"line":67,"column":13}},"line":64}},"branchMap":{"0":{"loc":{"start":{"line":19,"column":12},"end":{"line":21,"column":13}},"type":"if","locations":[{"start":{"line":19,"column":12},"end":{"line":21,"column":13}},{"start":{},"end":{}}],"line":19},"1":{"loc":{"start":{"line":30,"column":11},"end":{"line":32,"column":12}},"type":"if","locations":[{"start":{"line":30,"column":11},"end":{"line":32,"column":12}},{"start":{},"end":{}}],"line":30},"2":{"loc":{"start":{"line":34,"column":11},"end":{"line":40,"column":12}},"type":"if","locations":[{"start":{"line":34,"column":11},"end":{"line":40,"column":12}},{"start":{},"end":{}}],"line":34},"3":{"loc":{"start":{"line":34,"column":15},"end":{"line":34,"column":85}},"type":"binary-expr","locations":[{"start":{"line":34,"column":15},"end":{"line":34,"column":48}},{"start":{"line":34,"column":52},"end":{"line":34,"column":85}}],"line":34},"4":{"loc":{"start":{"line":37,"column":17},"end":{"line":38,"column":53}},"type":"if","locations":[{"start":{"line":37,"column":17},"end":{"line":38,"column":53}},{"start":{},"end":{}}],"line":37},"5":{"loc":{"start":{"line":51,"column":15},"end":{"line":55,"column":17}},"type":"if","locations":[{"start":{"line":51,"column":15},"end":{"line":55,"column":17}},{"start":{},"end":{}}],"line":51},"6":{"loc":{"start":{"line":71,"column":12},"end":{"line":73,"column":13}},"type":"if","locations":[{"start":{"line":71,"column":12},"end":{"line":73,"column":13}},{"start":{},"end":{}}],"line":71},"7":{"loc":{"start":{"line":71,"column":16},"end":{"line":71,"column":78}},"type":"binary-expr","locations":[{"start":{"line":71,"column":16},"end":{"line":71,"column":44}},{"start":{"line":71,"column":48},"end":{"line":71,"column":78}}],"line":71},"8":{"loc":{"start":{"line":75,"column":12},"end":{"line":79,"column":13}},"type":"if","locations":[{"start":{"line":75,"column":12},"end":{"line":79,"column":13}},{"start":{"line":77,"column":19},"end":{"line":79,"column":13}}],"line":75},"9":{"loc":{"start":{"line":75,"column":16},"end":{"line":75,"column":78}},"type":"binary-expr","locations":[{"start":{"line":75,"column":16},"end":{"line":75,"column":44}},{"start":{"line":75,"column":48},"end":{"line":75,"column":78}}],"line":75},"10":{"loc":{"start":{"line":77,"column":19},"end":{"line":79,"column":13}},"type":"if","locations":[{"start":{"line":77,"column":19},"end":{"line":79,"column":13}},{"start":{},"end":{}}],"line":77},"11":{"loc":{"start":{"line":77,"column":23},"end":{"line":77,"column":77}},"type":"binary-expr","locations":[{"start":{"line":77,"column":23},"end":{"line":77,"column":56}},{"start":{"line":77,"column":60},"end":{"line":77,"column":77}}],"line":77}},"s":{"0":1,"1":1,"2":1,"3":1,"4":1,"5":0,"6":0,"7":0,"8":1,"9":0,"10":0,"11":0,"12":1,"13":1,"14":1,"15":1,"16":1,"17":0,"18":0,"19":0,"20":0,"21":1,"22":1,"23":1,"24":0,"25":0,"26":0,"27":0,"28":0,"29":1,"30":2,"31":2,"32":2,"33":2,"34":2,"35":2,"36":2,"37":0,"38":2,"39":0,"40":2,"41":1,"42":2,"43":1},"f":{"0":1,"1":0,"2":0,"3":1,"4":0,"5":0,"6":0,"7":0,"8":2,"9":2},"b":{"0":[0,0],"1":[1,0],"2":[0,1],"3":[1,0],"4":[0,0],"5":[0,0],"6":[0,2],"7":[2,0],"8":[0,2],"9":[2,0],"10":[1,1],"11":[2,1]},"_coverageSchema":"1a1c01bbd47fc00a2c39e90264f33305004495a9","hash":"b4fefcacbc662d1581f58392879067bd6592a64f"}
,"/Users/rdipippo/Projects/rpglib3/src/Modifier.js": {"path":"/Users/rdipippo/Projects/rpglib3/src/Modifier.js","statementMap":{"0":{"start":{"line":3,"column":8},"end":{"line":3,"column":39}},"1":{"start":{"line":4,"column":8},"end":{"line":6,"column":9}},"2":{"start":{"line":5,"column":12},"end":{"line":5,"column":46}},"3":{"start":{"line":7,"column":8},"end":{"line":9,"column":9}},"4":{"start":{"line":8,"column":12},"end":{"line":8,"column":46}},"5":{"start":{"line":13,"column":0},"end":{"line":13,"column":26}}},"fnMap":{"0":{"name":"(anonymous_0)","decl":{"start":{"line":2,"column":4},"end":{"line":2,"column":5}},"loc":{"start":{"line":2,"column":22},"end":{"line":10,"column":5}},"line":2}},"branchMap":{"0":{"loc":{"start":{"line":4,"column":8},"end":{"line":6,"column":9}},"type":"if","locations":[{"start":{"line":4,"column":8},"end":{"line":6,"column":9}},{"start":{},"end":{}}],"line":4},"1":{"loc":{"start":{"line":7,"column":8},"end":{"line":9,"column":9}},"type":"if","locations":[{"start":{"line":7,"column":8},"end":{"line":9,"column":9}},{"start":{},"end":{}}],"line":7}},"s":{"0":1,"1":1,"2":0,"3":1,"4":0,"5":1},"f":{"0":1},"b":{"0":[0,1],"1":[0,1]},"_coverageSchema":"1a1c01bbd47fc00a2c39e90264f33305004495a9","hash":"b7e23767d26e5813f4d1ada3b1c35e7a21321c50"}
,"/Users/rdipippo/Projects/rpglib3/src/PercentModifier.js": {"path":"/Users/rdipippo/Projects/rpglib3/src/PercentModifier.js","statementMap":{"0":{"start":{"line":1,"column":15},"end":{"line":1,"column":36}},"1":{"start":{"line":5,"column":8},"end":{"line":5,"column":20}},"2":{"start":{"line":6,"column":8},"end":{"line":6,"column":33}},"3":{"start":{"line":9,"column":12},"end":{"line":11,"column":5}},"4":{"start":{"line":10,"column":8},"end":{"line":10,"column":56}},"5":{"start":{"line":14,"column":0},"end":{"line":14,"column":33}}},"fnMap":{"0":{"name":"(anonymous_0)","decl":{"start":{"line":4,"column":4},"end":{"line":4,"column":5}},"loc":{"start":{"line":4,"column":22},"end":{"line":7,"column":5}},"line":4},"1":{"name":"(anonymous_1)","decl":{"start":{"line":9,"column":12},"end":{"line":9,"column":13}},"loc":{"start":{"line":9,"column":41},"end":{"line":11,"column":5}},"line":9}},"branchMap":{},"s":{"0":1,"1":0,"2":0,"3":0,"4":0,"5":1},"f":{"0":0,"1":0},"b":{},"_coverageSchema":"1a1c01bbd47fc00a2c39e90264f33305004495a9","hash":"310c1e32f2c7fcbd111470d63d82e7af92d8420a"}
,"/Users/rdipippo/Projects/rpglib3/src/StaticModifier.js": {"path":"/Users/rdipippo/Projects/rpglib3/src/StaticModifier.js","statementMap":{"0":{"start":{"line":1,"column":15},"end":{"line":1,"column":36}},"1":{"start":{"line":5,"column":8},"end":{"line":5,"column":20}},"2":{"start":{"line":6,"column":8},"end":{"line":6,"column":33}},"3":{"start":{"line":9,"column":12},"end":{"line":11,"column":5}},"4":{"start":{"line":10,"column":8},"end":{"line":10,"column":27}},"5":{"start":{"line":14,"column":0},"end":{"line":14,"column":32}}},"fnMap":{"0":{"name":"(anonymous_0)","decl":{"start":{"line":4,"column":4},"end":{"line":4,"column":5}},"loc":{"start":{"line":4,"column":22},"end":{"line":7,"column":5}},"line":4},"1":{"name":"(anonymous_1)","decl":{"start":{"line":9,"column":12},"end":{"line":9,"column":13}},"loc":{"start":{"line":9,"column":41},"end":{"line":11,"column":5}},"line":9}},"branchMap":{},"s":{"0":1,"1":1,"2":1,"3":1,"4":2,"5":1},"f":{"0":1,"1":2},"b":{},"_coverageSchema":"1a1c01bbd47fc00a2c39e90264f33305004495a9","hash":"74eb7ec42c17ea62cc38aa2d87eee58f44893c8e"}
}
