TN:
SF:src/CustomModifier.js
FN:4,(anonymous_0)
FN:10,(anonymous_1)
FNF:2
FNH:0
FNDA:0,(anonymous_0)
FNDA:0,(anonymous_1)
DA:1,1
DA:5,0
DA:6,0
DA:7,0
DA:10,0
DA:11,0
DA:15,1
LF:7
LH:2
BRF:0
BRH:0
end_of_record
TN:
SF:src/GameState.js
FN:5,(anonymous_0)
FN:11,(anonymous_1)
FN:18,(anonymous_2)
FN:27,(anonymous_3)
FN:35,(anonymous_4)
FN:47,(anonymous_5)
FN:50,(anonymous_6)
FN:52,(anonymous_7)
FN:60,(anonymous_8)
FN:64,(anonymous_9)
FNF:10
FNH:4
FNDA:1,(anonymous_0)
FNDA:0,(anonymous_1)
FNDA:0,(anonymous_2)
FNDA:1,(anonymous_3)
FNDA:0,(anonymous_4)
FNDA:0,(anonymous_5)
FNDA:0,(anonymous_6)
FNDA:0,(anonymous_7)
FNDA:2,(anonymous_8)
FNDA:2,(anonymous_9)
DA:1,1
DA:2,1
DA:6,1
DA:7,1
DA:11,1
DA:12,0
DA:13,0
DA:18,1
DA:19,0
DA:20,0
DA:23,0
DA:27,1
DA:28,1
DA:30,1
DA:31,1
DA:34,1
DA:35,0
DA:36,0
DA:37,0
DA:38,0
DA:42,1
DA:43,1
DA:47,1
DA:48,0
DA:50,0
DA:51,0
DA:52,0
DA:53,0
DA:60,1
DA:61,2
DA:62,2
DA:64,2
DA:65,2
DA:66,2
DA:69,2
DA:71,2
DA:72,0
DA:75,2
DA:76,0
DA:77,2
DA:78,1
DA:81,2
DA:85,1
LF:43
LH:27
BRDA:19,0,0,0
BRDA:19,0,1,0
BRDA:30,1,0,1
BRDA:30,1,1,0
BRDA:34,2,0,0
BRDA:34,2,1,1
BRDA:34,3,0,1
BRDA:34,3,1,0
BRDA:37,4,0,0
BRDA:37,4,1,0
BRDA:51,5,0,0
BRDA:51,5,1,0
BRDA:71,6,0,0
BRDA:71,6,1,2
BRDA:71,7,0,2
BRDA:71,7,1,0
BRDA:75,8,0,0
BRDA:75,8,1,2
BRDA:75,9,0,2
BRDA:75,9,1,0
BRDA:77,10,0,1
BRDA:77,10,1,1
BRDA:77,11,0,2
BRDA:77,11,1,1
BRF:24
BRH:11
end_of_record
TN:
SF:src/Modifier.js
FN:2,(anonymous_0)
FNF:1
FNH:1
FNDA:1,(anonymous_0)
DA:3,1
DA:4,1
DA:5,0
DA:7,1
DA:8,0
DA:13,1
LF:6
LH:4
BRDA:4,0,0,0
BRDA:4,0,1,1
BRDA:7,1,0,0
BRDA:7,1,1,1
BRF:4
BRH:2
end_of_record
TN:
SF:src/PercentModifier.js
FN:4,(anonymous_0)
FN:9,(anonymous_1)
FNF:2
FNH:0
FNDA:0,(anonymous_0)
FNDA:0,(anonymous_1)
DA:1,1
DA:5,0
DA:6,0
DA:9,0
DA:10,0
DA:14,1
LF:6
LH:2
BRF:0
BRH:0
end_of_record
TN:
SF:src/StaticModifier.js
FN:4,(anonymous_0)
FN:9,(anonymous_1)
FNF:2
FNH:2
FNDA:1,(anonymous_0)
FNDA:2,(anonymous_1)
DA:1,1
DA:5,1
DA:6,1
DA:9,1
DA:10,2
DA:14,1
LF:6
LH:6
BRF:0
BRH:0
end_of_record
